<?xml version="1.0" encoding="UTF-8" ?>
<testsuite tests="19" failures="0" name="org.huldra.math.BasicTest" time="0.323" errors="0" skipped="0">
  <properties>
    <property name="java.runtime.name" value="OpenJDK Runtime Environment"/>
    <property name="sun.boot.library.path" value="/usr/lib/jvm/jdk8u202-b08/jre/lib/amd64"/>
    <property name="java.vm.version" value="25.202-b08"/>
    <property name="java.vm.vendor" value="Oracle Corporation"/>
    <property name="maven.multiModuleProjectDirectory" value="/home/aaime/devel/Huldra"/>
    <property name="java.vendor.url" value="https://adoptopenjdk.net/"/>
    <property name="path.separator" value=":"/>
    <property name="guice.disable.misplaced.annotation.check" value="true"/>
    <property name="java.vm.name" value="OpenJDK 64-Bit Server VM"/>
    <property name="file.encoding.pkg" value="sun.io"/>
    <property name="user.country" value="IT"/>
    <property name="sun.java.launcher" value="SUN_STANDARD"/>
    <property name="sun.os.patch.level" value="unknown"/>
    <property name="java.vm.specification.name" value="Java Virtual Machine Specification"/>
    <property name="user.dir" value="/home/aaime/devel/Huldra"/>
    <property name="java.runtime.version" value="1.8.0_202-b08"/>
    <property name="java.awt.graphicsenv" value="sun.awt.X11GraphicsEnvironment"/>
    <property name="java.endorsed.dirs" value="/usr/lib/jvm/jdk8u202-b08/jre/lib/endorsed"/>
    <property name="os.arch" value="amd64"/>
    <property name="java.io.tmpdir" value="/tmp"/>
    <property name="line.separator" value="
"/>
    <property name="java.vm.specification.vendor" value="Oracle Corporation"/>
    <property name="os.name" value="Linux"/>
    <property name="classworlds.conf" value="/home/aaime/apps/apache-maven-3.6.0/bin/m2.conf"/>
    <property name="sun.jnu.encoding" value="UTF-8"/>
    <property name="java.library.path" value="/usr/java/packages/lib/amd64:/usr/lib64:/lib64:/lib:/usr/lib"/>
    <property name="maven.conf" value="/home/aaime/apps/apache-maven-3.6.0/conf"/>
    <property name="java.specification.name" value="Java Platform API Specification"/>
    <property name="java.class.version" value="52.0"/>
    <property name="sun.management.compiler" value="HotSpot 64-Bit Tiered Compilers"/>
    <property name="os.version" value="4.18.0-13-generic"/>
    <property name="library.jansi.path" value="/home/aaime/apps/apache-maven-3.6.0/lib/jansi-native"/>
    <property name="user.home" value="/home/aaime"/>
    <property name="user.timezone" value="Europe/Rome"/>
    <property name="java.awt.printerjob" value="sun.print.PSPrinterJob"/>
    <property name="java.specification.version" value="1.8"/>
    <property name="file.encoding" value="UTF-8"/>
    <property name="user.name" value="aaime"/>
    <property name="java.class.path" value="/home/aaime/apps/apache-maven-3.6.0/boot/plexus-classworlds-2.5.2.jar"/>
    <property name="java.vm.specification.version" value="1.8"/>
    <property name="sun.arch.data.model" value="64"/>
    <property name="java.home" value="/usr/lib/jvm/jdk8u202-b08/jre"/>
    <property name="sun.java.command" value="org.codehaus.plexus.classworlds.launcher.Launcher clean install -nsu"/>
    <property name="java.specification.vendor" value="Oracle Corporation"/>
    <property name="user.language" value="it"/>
    <property name="awt.toolkit" value="sun.awt.X11.XToolkit"/>
    <property name="java.vm.info" value="mixed mode"/>
    <property name="java.version" value="1.8.0_202"/>
    <property name="java.ext.dirs" value="/usr/lib/jvm/jdk8u202-b08/jre/lib/ext:/usr/java/packages/lib/ext"/>
    <property name="securerandom.source" value="file:/dev/./urandom"/>
    <property name="sun.boot.class.path" value="/usr/lib/jvm/jdk8u202-b08/jre/lib/resources.jar:/usr/lib/jvm/jdk8u202-b08/jre/lib/rt.jar:/usr/lib/jvm/jdk8u202-b08/jre/lib/sunrsasign.jar:/usr/lib/jvm/jdk8u202-b08/jre/lib/jsse.jar:/usr/lib/jvm/jdk8u202-b08/jre/lib/jce.jar:/usr/lib/jvm/jdk8u202-b08/jre/lib/charsets.jar:/usr/lib/jvm/jdk8u202-b08/jre/lib/jfr.jar:/usr/lib/jvm/jdk8u202-b08/jre/classes"/>
    <property name="java.vendor" value="AdoptOpenJdk"/>
    <property name="maven.home" value="/home/aaime/apps/apache-maven-3.6.0"/>
    <property name="file.separator" value="/"/>
    <property name="java.vendor.url.bug" value="https://github.com/AdoptOpenJDK/openjdk-build/issues"/>
    <property name="sun.cpu.endian" value="little"/>
    <property name="sun.io.unicode.encoding" value="UnicodeLittle"/>
    <property name="sun.desktop" value="gnome"/>
    <property name="sun.cpu.isalist" value=""/>
  </properties>
  <testcase classname="org.huldra.math.BasicTest" name="testDivAndRem" time="0.007"/>
  <testcase classname="org.huldra.math.BasicTest" name="constructorTest" time="0"/>
  <testcase classname="org.huldra.math.BasicTest" name="subTest" time="0"/>
  <testcase classname="org.huldra.math.BasicTest" name="testAnd" time="0.023"/>
  <testcase classname="org.huldra.math.BasicTest" name="testMod" time="0.009"/>
  <testcase classname="org.huldra.math.BasicTest" name="testNot" time="0.006"/>
  <testcase classname="org.huldra.math.BasicTest" name="testXor" time="0.008"/>
  <testcase classname="org.huldra.math.BasicTest" name="addTest" time="0.011"/>
  <testcase classname="org.huldra.math.BasicTest" name="testOr" time="0.009"/>
  <testcase classname="org.huldra.math.BasicTest" name="testLongAdd" time="0"/>
  <testcase classname="org.huldra.math.BasicTest" name="longDivTest" time="0.118"/>
  <testcase classname="org.huldra.math.BasicTest" name="testSetClearFlipTestBit" time="0.031"/>
  <testcase classname="org.huldra.math.BasicTest" name="testBitShifts" time="0"/>
  <testcase classname="org.huldra.math.BasicTest" name="remTest" time="0"/>
  <testcase classname="org.huldra.math.BasicTest" name="testAndNot" time="0.006"/>
  <testcase classname="org.huldra.math.BasicTest" name="mulTest" time="0.095"/>
  <testcase classname="org.huldra.math.BasicTest" name="testLongZeroAdd" time="0"/>
  <testcase classname="org.huldra.math.BasicTest" name="testLongCastInMul" time="0"/>
  <testcase classname="org.huldra.math.BasicTest" name="divTest" time="0"/>
</testsuite>